BinarySearchTree_tests.obj : error LNK2005: "private: static bool TestSuite::incomplete" (?incomplete@TestSuite@@0_NA) already defined in BinarySearchTree_public_test.obj
BinarySearchTree_tests.obj : error LNK2005: "public: void __thiscall TestCase::run(bool)" (?run@TestCase@@QAEX_N@Z) already defined in BinarySearchTree_public_test.obj
BinarySearchTree_tests.obj : error LNK2005: "public: void __thiscall TestCase::print(bool)" (?print@TestCase@@QAEX_N@Z) already defined in BinarySearchTree_public_test.obj
BinarySearchTree_tests.obj : error LNK2005: "public: int __thiscall TestSuite::run_tests(int,char * *)" (?run_tests@TestSuite@@QAEHHPAPAD@Z) already defined in BinarySearchTree_public_test.obj
BinarySearchTree_tests.obj : error LNK2005: "private: class std::vector<class std::basic_string<char,struct std::char_traits<char>,class std::allocator<char> >,class std::allocator<class std::basic_string<char,struct std::char_traits<char>,class std::allocator<char> > > > __thiscall TestSuite::get_test_names_to_run(int,char * *)" (?get_test_names_to_run@TestSuite@@AAE?AV?$vector@V?$basic_string@DU?$char_traits@D@std@@V?$allocator@D@2@@std@@V?$allocator@V?$basic_string@DU?$char_traits@D@std@@V?$allocator@D@2@@std@@@2@@std@@HPAPAD@Z) already defined in BinarySearchTree_public_test.obj
BinarySearchTree_tests.obj : error LNK2005: "class std::basic_ostream<char,struct std::char_traits<char> > & __cdecl operator<<(class std::basic_ostream<char,struct std::char_traits<char> > &,class TestFailure const &)" (??6@YAAAV?$basic_ostream@DU?$char_traits@D@std@@@std@@AAV01@ABVTestFailure@@@Z) already defined in BinarySearchTree_public_test.obj
BinarySearchTree_tests.obj : error LNK2005: "class std::basic_string<char,struct std::char_traits<char>,class std::allocator<char> > __cdecl demangle(char const *)" (?demangle@@YA?AV?$basic_string@DU?$char_traits@D@std@@V?$allocator@D@2@@std@@PBD@Z) already defined in BinarySearchTree_public_test.obj
BinarySearchTree_tests.obj : error LNK2005: "void __cdecl assert_true(bool,int)" (?assert_true@@YAX_NH@Z) already defined in BinarySearchTree_public_test.obj
BinarySearchTree_tests.obj : error LNK2005: "void __cdecl assert_false(bool,int)" (?assert_false@@YAX_NH@Z) already defined in BinarySearchTree_public_test.obj
BinarySearchTree_tests.obj : error LNK2005: "void __cdecl assert_almost_equal(double,double,double,int)" (?assert_almost_equal@@YAXNNNH@Z) already defined in BinarySearchTree_public_test.obj
BinarySearchTree_tests.obj : error LNK2005: _main already defined in BinarySearchTree_public_test.obj
BinarySearchTree_tests.obj : error LNK2005: "private: static class TestSuite * TestSuite::instance" (?instance@TestSuite@@0PAV1@A) already defined in BinarySearchTree_public_test.obj
C:\Users\Susan\Documents\EECS280\p5\Debug\p5.exe : fatal error LNK1169: one or more multiply defined symbols found
